  [1m[35m (0.6ms)[0m  [1m[35mCREATE TABLE "schema_migrations" ("version" varchar NOT NULL PRIMARY KEY) /*application='MeuBlog'*/[0m
  [1m[35m (0.1ms)[0m  [1m[35mCREATE TABLE "ar_internal_metadata" ("key" varchar NOT NULL PRIMARY KEY, "value" varchar, "created_at" datetime(6) NOT NULL, "updated_at" datetime(6) NOT NULL) /*application='MeuBlog'*/[0m
  [1m[36mActiveRecord::InternalMetadata Load (0.1ms)[0m  [1m[34mSELECT * FROM "ar_internal_metadata" WHERE "ar_internal_metadata"."key" = 'environment' ORDER BY "ar_internal_metadata"."key" ASC LIMIT 1 /*application='MeuBlog'*/[0m
  [1m[36mActiveRecord::InternalMetadata Create (0.1ms)[0m  [1m[32mINSERT INTO "ar_internal_metadata" ("key", "value", "created_at", "updated_at") VALUES ('environment', 'development', '2024-11-21 18:00:08.081220', '2024-11-21 18:00:08.081222') RETURNING "key" /*application='MeuBlog'*/[0m
  [1m[36mActiveRecord::SchemaMigration Load (0.0ms)[0m  [1m[34mSELECT "schema_migrations"."version" FROM "schema_migrations" ORDER BY "schema_migrations"."version" ASC /*application='MeuBlog'*/[0m
Migrating to CreatePosts (20241121175955)
  [1m[36mTRANSACTION (0.0ms)[0m  [1m[35mBEGIN immediate TRANSACTION /*application='MeuBlog'*/[0m
  [1m[35m (1.1ms)[0m  [1m[35mCREATE TABLE "posts" ("id" integer PRIMARY KEY AUTOINCREMENT NOT NULL, "title" varchar, "content" text, "created_at" datetime(6) NOT NULL, "updated_at" datetime(6) NOT NULL) /*application='MeuBlog'*/[0m
  [1m[36mActiveRecord::SchemaMigration Create (0.0ms)[0m  [1m[32mINSERT INTO "schema_migrations" ("version") VALUES ('20241121175955') RETURNING "version" /*application='MeuBlog'*/[0m
  [1m[36mTRANSACTION (0.0ms)[0m  [1m[35mCOMMIT TRANSACTION /*application='MeuBlog'*/[0m
  [1m[36mActiveRecord::SchemaMigration Load (0.1ms)[0m  [1m[34mSELECT "schema_migrations"."version" FROM "schema_migrations" ORDER BY "schema_migrations"."version" ASC /*application='MeuBlog'*/[0m
Started GET "/" for 127.0.0.1 at 2024-11-21 15:18:00 -0300
  [1m[36mActiveRecord::SchemaMigration Load (0.3ms)[0m  [1m[34mSELECT "schema_migrations"."version" FROM "schema_migrations" ORDER BY "schema_migrations"."version" ASC /*application='MeuBlog'*/[0m
  
ArgumentError (Invalid route name, already in use: 'root' 
You may have defined two routes with the same name using the `:as` option, or you may be overriding a route already defined by a resource with the same naming. For the latter, you can restrict the routes created with `resources` as explained here: 
https://guides.rubyonrails.org/routing.html#restricting-the-routes-created):
  
config/routes.rb:8:in `block in <main>'
config/routes.rb:6:in `<main>'
Started GET "/favicon.ico" for 127.0.0.1 at 2024-11-21 15:18:00 -0300
  
ActionController::RoutingError (No route matches [GET] "/favicon.ico"):
  
Started GET "/" for 127.0.0.1 at 2024-11-21 15:18:56 -0300
Processing by PostsController#index as HTML
  Rendering layout layouts/application.html.erb
  Rendering posts/index.html.erb within layouts/application
  Rendered posts/index.html.erb within layouts/application (Duration: 0.9ms | GC: 0.0ms)
  Rendered layout layouts/application.html.erb (Duration: 1.5ms | GC: 0.0ms)
Completed 500 Internal Server Error in 67ms (ActiveRecord: 0.0ms (0 queries, 0 cached) | GC: 1.0ms)


  
ActionView::Template::Error (undefined method `each' for nil)
Caused by: NoMethodError (undefined method `each' for nil)

Information for: ActionView::Template::Error (undefined method `each' for nil):
    1: <h1>Meu Blog</h1>
    2: <ul>
    3:   <% @posts.each do |post| %>
    4:     <li><%= link_to post.title, post %></li>
    5:   <% end %>
    6: </ul>
  
app/views/posts/index.html.erb:3

Information for cause: NoMethodError (undefined method `each' for nil):
  
app/views/posts/index.html.erb:3
Started GET "/" for 127.0.0.1 at 2024-11-21 15:20:28 -0300
Processing by PostsController#index as HTML
  Rendering layout layouts/application.html.erb
  Rendering posts/index.html.erb within layouts/application
  [1m[36mPost Load (1.3ms)[0m  [1m[34mSELECT "posts".* FROM "posts" /*action='index',application='MeuBlog',controller='posts'*/[0m
  ↳ app/views/posts/index.html.erb:3
  Rendered posts/index.html.erb within layouts/application (Duration: 3.9ms | GC: 0.0ms)
  Rendered layout layouts/application.html.erb (Duration: 15.2ms | GC: 0.8ms)
Completed 200 OK in 60ms (Views: 14.8ms | ActiveRecord: 1.4ms (1 query, 0 cached) | GC: 2.3ms)


Started GET "/assets/application-8b441ae0.css" for 127.0.0.1 at 2024-11-21 15:20:28 -0300
Started GET "/assets/application-bfcdf840.js" for 127.0.0.1 at 2024-11-21 15:20:28 -0300
Started GET "/assets/controllers/index-ee64e1f1.js" for 127.0.0.1 at 2024-11-21 15:20:28 -0300
Started GET "/assets/turbo.min-fae85750.js" for 127.0.0.1 at 2024-11-21 15:20:28 -0300
Started GET "/assets/stimulus.min-4b1e420e.js" for 127.0.0.1 at 2024-11-21 15:20:28 -0300
Started GET "/assets/stimulus-loading-1fc53fe7.js" for 127.0.0.1 at 2024-11-21 15:20:28 -0300
Started GET "/assets/controllers/application-3affb389.js" for 127.0.0.1 at 2024-11-21 15:20:28 -0300
Started GET "/assets/controllers/hello_controller-708796bd.js" for 127.0.0.1 at 2024-11-21 15:20:28 -0300
  [1m[36mTRANSACTION (0.1ms)[0m  [1m[35mBEGIN immediate TRANSACTION /*application='MeuBlog'*/[0m
  [1m[36mPost Create (2.7ms)[0m  [1m[32mINSERT INTO "posts" ("title", "content", "created_at", "updated_at") VALUES ('Primeiro Post', 'Conteúdo do primeiro post.', '2024-11-21 18:22:09.201142', '2024-11-21 18:22:09.201142') RETURNING "id" /*application='MeuBlog'*/[0m
  [1m[36mTRANSACTION (0.4ms)[0m  [1m[35mCOMMIT TRANSACTION /*application='MeuBlog'*/[0m
  [1m[36mTRANSACTION (0.1ms)[0m  [1m[35mBEGIN immediate TRANSACTION /*application='MeuBlog'*/[0m
  [1m[36mPost Create (2.0ms)[0m  [1m[32mINSERT INTO "posts" ("title", "content", "created_at", "updated_at") VALUES ('Segundo Post', 'Conteúdo do segundo post.', '2024-11-21 18:22:19.798423', '2024-11-21 18:22:19.798423') RETURNING "id" /*application='MeuBlog'*/[0m
  [1m[36mTRANSACTION (0.4ms)[0m  [1m[35mCOMMIT TRANSACTION /*application='MeuBlog'*/[0m
Started GET "/" for 127.0.0.1 at 2024-11-21 15:22:24 -0300
Processing by PostsController#index as HTML
  Rendering layout layouts/application.html.erb
  Rendering posts/index.html.erb within layouts/application
  [1m[36mPost Load (1.2ms)[0m  [1m[34mSELECT "posts".* FROM "posts" /*action='index',application='MeuBlog',controller='posts'*/[0m
  ↳ app/views/posts/index.html.erb:3
  Rendered posts/index.html.erb within layouts/application (Duration: 26.5ms | GC: 10.7ms)
  Rendered layout layouts/application.html.erb (Duration: 46.8ms | GC: 16.8ms)
Completed 200 OK in 78ms (Views: 43.8ms | ActiveRecord: 3.5ms (1 query, 0 cached) | GC: 16.8ms)


Started GET "/posts/2" for 127.0.0.1 at 2024-11-21 15:22:42 -0300
Processing by PostsController#show as HTML
  Parameters: {"id"=>"2"}
  [1m[36mPost Load (0.4ms)[0m  [1m[34mSELECT "posts".* FROM "posts" WHERE "posts"."id" = 2 LIMIT 1 /*action='show',application='MeuBlog',controller='posts'*/[0m
  ↳ app/controllers/posts_controller.rb:23:in `show'
  Rendering layout layouts/application.html.erb
  Rendering posts/show.html.erb within layouts/application
  Rendered posts/show.html.erb within layouts/application (Duration: 0.6ms | GC: 0.0ms)
  Rendered layout layouts/application.html.erb (Duration: 2.4ms | GC: 0.6ms)
Completed 200 OK in 50ms (Views: 2.5ms | ActiveRecord: 0.4ms (1 query, 0 cached) | GC: 3.6ms)


Started GET "/posts/1" for 127.0.0.1 at 2024-11-21 15:22:42 -0300
Processing by PostsController#show as HTML
  Parameters: {"id"=>"1"}
  [1m[36mPost Load (0.2ms)[0m  [1m[34mSELECT "posts".* FROM "posts" WHERE "posts"."id" = 1 LIMIT 1 /*action='show',application='MeuBlog',controller='posts'*/[0m
  ↳ app/controllers/posts_controller.rb:23:in `show'
  Rendering layout layouts/application.html.erb
  Rendering posts/show.html.erb within layouts/application
  Rendered posts/show.html.erb within layouts/application (Duration: 0.0ms | GC: 0.0ms)
  Rendered layout layouts/application.html.erb (Duration: 1.8ms | GC: 0.7ms)
Completed 200 OK in 31ms (Views: 1.9ms | ActiveRecord: 0.1ms (1 query, 0 cached) | GC: 1.6ms)


  [1m[36mTRANSACTION (2.5ms)[0m  [1m[35mBEGIN immediate TRANSACTION /*application='MeuBlog'*/[0m
  [1m[36mPost Create (7.3ms)[0m  [1m[32mINSERT INTO "posts" ("title", "content", "created_at", "updated_at") VALUES ('Meu Post', 'Finalmente saiu!', '2024-11-21 18:24:03.731559', '2024-11-21 18:24:03.731559') RETURNING "id" /*application='MeuBlog'*/[0m
  [1m[36mTRANSACTION (0.4ms)[0m  [1m[35mCOMMIT TRANSACTION /*application='MeuBlog'*/[0m
Started GET "/" for 127.0.0.1 at 2024-11-21 15:24:07 -0300
Processing by PostsController#index as HTML
  Rendering layout layouts/application.html.erb
  Rendering posts/index.html.erb within layouts/application
  [1m[36mPost Load (0.5ms)[0m  [1m[34mSELECT "posts".* FROM "posts" /*action='index',application='MeuBlog',controller='posts'*/[0m
  ↳ app/views/posts/index.html.erb:3
  Rendered posts/index.html.erb within layouts/application (Duration: 2.4ms | GC: 0.4ms)
  Rendered layout layouts/application.html.erb (Duration: 3.9ms | GC: 0.6ms)
Completed 200 OK in 37ms (Views: 4.2ms | ActiveRecord: 0.5ms (1 query, 0 cached) | GC: 1.3ms)


Started GET "/posts/3" for 127.0.0.1 at 2024-11-21 15:24:09 -0300
Processing by PostsController#show as HTML
  Parameters: {"id"=>"3"}
  [1m[36mPost Load (0.1ms)[0m  [1m[34mSELECT "posts".* FROM "posts" WHERE "posts"."id" = 3 LIMIT 1 /*action='show',application='MeuBlog',controller='posts'*/[0m
  ↳ app/controllers/posts_controller.rb:23:in `show'
  Rendering layout layouts/application.html.erb
  Rendering posts/show.html.erb within layouts/application
  Rendered posts/show.html.erb within layouts/application (Duration: 0.3ms | GC: 0.0ms)
  Rendered layout layouts/application.html.erb (Duration: 1.0ms | GC: 0.0ms)
Completed 200 OK in 38ms (Views: 1.2ms | ActiveRecord: 0.1ms (1 query, 0 cached) | GC: 0.0ms)


Started GET "/posts/2" for 127.0.0.1 at 2024-11-21 15:31:26 -0300
Processing by PostsController#show as HTML
  Parameters: {"id"=>"2"}
  [1m[36mPost Load (3.7ms)[0m  [1m[34mSELECT "posts".* FROM "posts" WHERE "posts"."id" = 2 LIMIT 1 /*action='show',application='MeuBlog',controller='posts'*/[0m
  ↳ app/controllers/posts_controller.rb:23:in `show'
  Rendering layout layouts/application.html.erb
  Rendering posts/show.html.erb within layouts/application
  Rendered posts/show.html.erb within layouts/application (Duration: 0.3ms | GC: 0.0ms)
  Rendered layout layouts/application.html.erb (Duration: 2.6ms | GC: 0.0ms)
Completed 200 OK in 40ms (Views: 3.3ms | ActiveRecord: 3.8ms (1 query, 0 cached) | GC: 2.0ms)


Started GET "/posts/2" for 127.0.0.1 at 2024-11-21 15:31:37 -0300
Processing by PostsController#show as HTML
  Parameters: {"id"=>"2"}
  [1m[36mPost Load (0.1ms)[0m  [1m[34mSELECT "posts".* FROM "posts" WHERE "posts"."id" = 2 LIMIT 1 /*action='show',application='MeuBlog',controller='posts'*/[0m
  ↳ app/controllers/posts_controller.rb:23:in `show'
  Rendering layout layouts/application.html.erb
  Rendering posts/show.html.erb within layouts/application
  Rendered posts/show.html.erb within layouts/application (Duration: 0.0ms | GC: 0.0ms)
  Rendered layout layouts/application.html.erb (Duration: 3.6ms | GC: 0.0ms)
Completed 200 OK in 45ms (Views: 4.4ms | ActiveRecord: 0.1ms (1 query, 0 cached) | GC: 1.6ms)


Started GET "/posts/2" for 127.0.0.1 at 2024-11-21 15:31:45 -0300
Processing by PostsController#show as HTML
  Parameters: {"id"=>"2"}
  [1m[36mPost Load (0.1ms)[0m  [1m[34mSELECT "posts".* FROM "posts" WHERE "posts"."id" = 2 LIMIT 1 /*action='show',application='MeuBlog',controller='posts'*/[0m
  ↳ app/controllers/posts_controller.rb:23:in `show'
  Rendering layout layouts/application.html.erb
  Rendering posts/show.html.erb within layouts/application
  Rendered posts/show.html.erb within layouts/application (Duration: 0.0ms | GC: 0.0ms)
  Rendered layout layouts/application.html.erb (Duration: 1.4ms | GC: 0.7ms)
Completed 200 OK in 44ms (Views: 2.1ms | ActiveRecord: 0.1ms (1 query, 0 cached) | GC: 0.7ms)


Started GET "/posts/1" for 127.0.0.1 at 2024-11-21 15:32:33 -0300
Processing by PostsController#show as HTML
  Parameters: {"id"=>"1"}
  [1m[36mPost Load (0.2ms)[0m  [1m[34mSELECT "posts".* FROM "posts" WHERE "posts"."id" = 1 LIMIT 1 /*action='show',application='MeuBlog',controller='posts'*/[0m
  ↳ app/controllers/posts_controller.rb:23:in `show'
  Rendering layout layouts/application.html.erb
  Rendering posts/show.html.erb within layouts/application
  Rendered posts/show.html.erb within layouts/application (Duration: 0.1ms | GC: 0.0ms)
  Rendered layout layouts/application.html.erb (Duration: 3.1ms | GC: 0.0ms)
Completed 200 OK in 39ms (Views: 3.5ms | ActiveRecord: 0.2ms (1 query, 0 cached) | GC: 0.0ms)


Started GET "/" for 127.0.0.1 at 2024-11-21 15:38:27 -0300
Processing by PostsController#index as HTML
  Rendering layout layouts/application.html.erb
  Rendering posts/index.html.erb within layouts/application
  [1m[36mPost Load (1.9ms)[0m  [1m[34mSELECT "posts".* FROM "posts" /*action='index',application='MeuBlog',controller='posts'*/[0m
  ↳ app/views/posts/index.html.erb:3
  Rendered posts/index.html.erb within layouts/application (Duration: 18.3ms | GC: 1.3ms)
  Rendered layout layouts/application.html.erb (Duration: 23.8ms | GC: 1.3ms)
Completed 200 OK in 52ms (Views: 23.1ms | ActiveRecord: 1.8ms (1 query, 0 cached) | GC: 1.3ms)


Started GET "/posts/1" for 127.0.0.1 at 2024-11-21 15:38:29 -0300
Processing by PostsController#show as HTML
  Parameters: {"id"=>"1"}
  [1m[36mPost Load (0.1ms)[0m  [1m[34mSELECT "posts".* FROM "posts" WHERE "posts"."id" = 1 LIMIT 1 /*action='show',application='MeuBlog',controller='posts'*/[0m
  ↳ app/controllers/posts_controller.rb:23:in `show'
  Rendering layout layouts/application.html.erb
  Rendering posts/show.html.erb within layouts/application
  Rendered posts/show.html.erb within layouts/application (Duration: 0.4ms | GC: 0.0ms)
  Rendered layout layouts/application.html.erb (Duration: 2.6ms | GC: 0.0ms)
Completed 200 OK in 50ms (Views: 2.9ms | ActiveRecord: 0.1ms (1 query, 0 cached) | GC: 0.0ms)


Started GET "/posts/2" for 127.0.0.1 at 2024-11-21 15:38:31 -0300
Processing by PostsController#show as HTML
  Parameters: {"id"=>"2"}
  [1m[36mPost Load (0.1ms)[0m  [1m[34mSELECT "posts".* FROM "posts" WHERE "posts"."id" = 2 LIMIT 1 /*action='show',application='MeuBlog',controller='posts'*/[0m
  ↳ app/controllers/posts_controller.rb:23:in `show'
  Rendering layout layouts/application.html.erb
  Rendering posts/show.html.erb within layouts/application
  Rendered posts/show.html.erb within layouts/application (Duration: 0.0ms | GC: 0.0ms)
  Rendered layout layouts/application.html.erb (Duration: 0.5ms | GC: 0.0ms)
Completed 200 OK in 36ms (Views: 0.6ms | ActiveRecord: 0.1ms (1 query, 0 cached) | GC: 0.0ms)


Started GET "/" for 127.0.0.1 at 2024-11-21 15:38:41 -0300
Processing by PostsController#index as HTML
  Rendering layout layouts/application.html.erb
  Rendering posts/index.html.erb within layouts/application
  [1m[36mPost Load (1.1ms)[0m  [1m[34mSELECT "posts".* FROM "posts" /*action='index',application='MeuBlog',controller='posts'*/[0m
  ↳ app/views/posts/index.html.erb:3
  Rendered posts/index.html.erb within layouts/application (Duration: 13.1ms | GC: 0.0ms)
  Rendered layout layouts/application.html.erb (Duration: 16.4ms | GC: 0.2ms)
Completed 200 OK in 48ms (Views: 17.1ms | ActiveRecord: 1.5ms (1 query, 0 cached) | GC: 0.5ms)


Started GET "/posts/1" for 127.0.0.1 at 2024-11-21 15:38:43 -0300
Processing by PostsController#show as HTML
  Parameters: {"id"=>"1"}
  [1m[36mPost Load (1.0ms)[0m  [1m[34mSELECT "posts".* FROM "posts" WHERE "posts"."id" = 1 LIMIT 1 /*action='show',application='MeuBlog',controller='posts'*/[0m
  ↳ app/controllers/posts_controller.rb:23:in `show'
  Rendering layout layouts/application.html.erb
  Rendering posts/show.html.erb within layouts/application
  Rendered posts/show.html.erb within layouts/application (Duration: 0.3ms | GC: 0.0ms)
  Rendered layout layouts/application.html.erb (Duration: 2.8ms | GC: 0.0ms)
Completed 200 OK in 50ms (Views: 3.2ms | ActiveRecord: 0.3ms (1 query, 0 cached) | GC: 0.0ms)


